<?xml version="1.0" encoding="UTF-8"?>
<testsuite xmlns:xsi="http://www.w3.org/2001/XMLSchema-instance" xsi:noNamespaceSchemaLocation="https://maven.apache.org/surefire/maven-surefire-plugin/xsd/surefire-test-report-3.0.xsd" version="3.0" name="com.csye6225.cloud.controller.DemoTest" time="5.004" tests="1" errors="0" skipped="0" failures="0">
  <properties>
    <property name="java.specification.version" value="21"/>
    <property name="sun.jnu.encoding" value="UTF-8"/>
    <property name="java.class.path" value="/Users/nikhilregulapati/Downloads/Nikhilsrinivas_regulapati_002201689_01-5/target/test-classes:/Users/nikhilregulapati/Downloads/Nikhilsrinivas_regulapati_002201689_01-5/target/classes:/Users/nikhilregulapati/.m2/repository/org/springframework/boot/spring-boot-starter-data-jpa/3.2.2/spring-boot-starter-data-jpa-3.2.2.jar:/Users/nikhilregulapati/.m2/repository/org/springframework/boot/spring-boot-starter-aop/3.2.2/spring-boot-starter-aop-3.2.2.jar:/Users/nikhilregulapati/.m2/repository/org/aspectj/aspectjweaver/1.9.21/aspectjweaver-1.9.21.jar:/Users/nikhilregulapati/.m2/repository/org/springframework/boot/spring-boot-starter-jdbc/3.2.2/spring-boot-starter-jdbc-3.2.2.jar:/Users/nikhilregulapati/.m2/repository/com/zaxxer/HikariCP/5.0.1/HikariCP-5.0.1.jar:/Users/nikhilregulapati/.m2/repository/org/springframework/spring-jdbc/6.1.3/spring-jdbc-6.1.3.jar:/Users/nikhilregulapati/.m2/repository/org/hibernate/orm/hibernate-core/6.4.1.Final/hibernate-core-6.4.1.Final.jar:/Users/nikhilregulapati/.m2/repository/jakarta/persistence/jakarta.persistence-api/3.1.0/jakarta.persistence-api-3.1.0.jar:/Users/nikhilregulapati/.m2/repository/jakarta/transaction/jakarta.transaction-api/2.0.1/jakarta.transaction-api-2.0.1.jar:/Users/nikhilregulapati/.m2/repository/org/jboss/logging/jboss-logging/3.5.3.Final/jboss-logging-3.5.3.Final.jar:/Users/nikhilregulapati/.m2/repository/org/hibernate/common/hibernate-commons-annotations/6.0.6.Final/hibernate-commons-annotations-6.0.6.Final.jar:/Users/nikhilregulapati/.m2/repository/io/smallrye/jandex/3.1.2/jandex-3.1.2.jar:/Users/nikhilregulapati/.m2/repository/com/fasterxml/classmate/1.6.0/classmate-1.6.0.jar:/Users/nikhilregulapati/.m2/repository/net/bytebuddy/byte-buddy/1.14.11/byte-buddy-1.14.11.jar:/Users/nikhilregulapati/.m2/repository/org/glassfish/jaxb/jaxb-runtime/4.0.4/jaxb-runtime-4.0.4.jar:/Users/nikhilregulapati/.m2/repository/org/glassfish/jaxb/jaxb-core/4.0.4/jaxb-core-4.0.4.jar:/Users/nikhilregulapati/.m2/repository/org/eclipse/angus/angus-activation/2.0.1/angus-activation-2.0.1.jar:/Users/nikhilregulapati/.m2/repository/org/glassfish/jaxb/txw2/4.0.4/txw2-4.0.4.jar:/Users/nikhilregulapati/.m2/repository/com/sun/istack/istack-commons-runtime/4.1.2/istack-commons-runtime-4.1.2.jar:/Users/nikhilregulapati/.m2/repository/jakarta/inject/jakarta.inject-api/2.0.1/jakarta.inject-api-2.0.1.jar:/Users/nikhilregulapati/.m2/repository/org/antlr/antlr4-runtime/4.13.0/antlr4-runtime-4.13.0.jar:/Users/nikhilregulapati/.m2/repository/org/springframework/data/spring-data-jpa/3.2.2/spring-data-jpa-3.2.2.jar:/Users/nikhilregulapati/.m2/repository/org/springframework/data/spring-data-commons/3.2.2/spring-data-commons-3.2.2.jar:/Users/nikhilregulapati/.m2/repository/org/springframework/spring-orm/6.1.3/spring-orm-6.1.3.jar:/Users/nikhilregulapati/.m2/repository/org/springframework/spring-tx/6.1.3/spring-tx-6.1.3.jar:/Users/nikhilregulapati/.m2/repository/jakarta/annotation/jakarta.annotation-api/2.1.1/jakarta.annotation-api-2.1.1.jar:/Users/nikhilregulapati/.m2/repository/org/slf4j/slf4j-api/2.0.11/slf4j-api-2.0.11.jar:/Users/nikhilregulapati/.m2/repository/org/springframework/spring-aspects/6.1.3/spring-aspects-6.1.3.jar:/Users/nikhilregulapati/.m2/repository/org/springframework/boot/spring-boot-starter-web/3.2.2/spring-boot-starter-web-3.2.2.jar:/Users/nikhilregulapati/.m2/repository/org/springframework/boot/spring-boot-starter/3.2.2/spring-boot-starter-3.2.2.jar:/Users/nikhilregulapati/.m2/repository/org/springframework/boot/spring-boot/3.2.2/spring-boot-3.2.2.jar:/Users/nikhilregulapati/.m2/repository/org/springframework/boot/spring-boot-autoconfigure/3.2.2/spring-boot-autoconfigure-3.2.2.jar:/Users/nikhilregulapati/.m2/repository/org/springframework/boot/spring-boot-starter-logging/3.2.2/spring-boot-starter-logging-3.2.2.jar:/Users/nikhilregulapati/.m2/repository/ch/qos/logback/logback-classic/1.4.14/logback-classic-1.4.14.jar:/Users/nikhilregulapati/.m2/repository/ch/qos/logback/logback-core/1.4.14/logback-core-1.4.14.jar:/Users/nikhilregulapati/.m2/repository/org/apache/logging/log4j/log4j-to-slf4j/2.21.1/log4j-to-slf4j-2.21.1.jar:/Users/nikhilregulapati/.m2/repository/org/apache/logging/log4j/log4j-api/2.21.1/log4j-api-2.21.1.jar:/Users/nikhilregulapati/.m2/repository/org/slf4j/jul-to-slf4j/2.0.11/jul-to-slf4j-2.0.11.jar:/Users/nikhilregulapati/.m2/repository/org/yaml/snakeyaml/2.2/snakeyaml-2.2.jar:/Users/nikhilregulapati/.m2/repository/org/springframework/boot/spring-boot-starter-json/3.2.2/spring-boot-starter-json-3.2.2.jar:/Users/nikhilregulapati/.m2/repository/com/fasterxml/jackson/core/jackson-databind/2.15.3/jackson-databind-2.15.3.jar:/Users/nikhilregulapati/.m2/repository/com/fasterxml/jackson/core/jackson-annotations/2.15.3/jackson-annotations-2.15.3.jar:/Users/nikhilregulapati/.m2/repository/com/fasterxml/jackson/core/jackson-core/2.15.3/jackson-core-2.15.3.jar:/Users/nikhilregulapati/.m2/repository/com/fasterxml/jackson/datatype/jackson-datatype-jdk8/2.15.3/jackson-datatype-jdk8-2.15.3.jar:/Users/nikhilregulapati/.m2/repository/com/fasterxml/jackson/datatype/jackson-datatype-jsr310/2.15.3/jackson-datatype-jsr310-2.15.3.jar:/Users/nikhilregulapati/.m2/repository/com/fasterxml/jackson/module/jackson-module-parameter-names/2.15.3/jackson-module-parameter-names-2.15.3.jar:/Users/nikhilregulapati/.m2/repository/org/springframework/boot/spring-boot-starter-tomcat/3.2.2/spring-boot-starter-tomcat-3.2.2.jar:/Users/nikhilregulapati/.m2/repository/org/apache/tomcat/embed/tomcat-embed-core/10.1.18/tomcat-embed-core-10.1.18.jar:/Users/nikhilregulapati/.m2/repository/org/apache/tomcat/embed/tomcat-embed-el/10.1.18/tomcat-embed-el-10.1.18.jar:/Users/nikhilregulapati/.m2/repository/org/apache/tomcat/embed/tomcat-embed-websocket/10.1.18/tomcat-embed-websocket-10.1.18.jar:/Users/nikhilregulapati/.m2/repository/org/springframework/spring-web/6.1.3/spring-web-6.1.3.jar:/Users/nikhilregulapati/.m2/repository/org/springframework/spring-webmvc/6.1.3/spring-webmvc-6.1.3.jar:/Users/nikhilregulapati/.m2/repository/io/rest-assured/rest-assured/5.2.0/rest-assured-5.2.0.jar:/Users/nikhilregulapati/.m2/repository/org/apache/groovy/groovy/4.0.17/groovy-4.0.17.jar:/Users/nikhilregulapati/.m2/repository/org/apache/groovy/groovy-xml/4.0.17/groovy-xml-4.0.17.jar:/Users/nikhilregulapati/.m2/repository/org/apache/httpcomponents/httpclient/4.5.13/httpclient-4.5.13.jar:/Users/nikhilregulapati/.m2/repository/org/apache/httpcomponents/httpcore/4.4.16/httpcore-4.4.16.jar:/Users/nikhilregulapati/.m2/repository/commons-logging/commons-logging/1.2/commons-logging-1.2.jar:/Users/nikhilregulapati/.m2/repository/commons-codec/commons-codec/1.16.0/commons-codec-1.16.0.jar:/Users/nikhilregulapati/.m2/repository/org/apache/httpcomponents/httpmime/4.5.13/httpmime-4.5.13.jar:/Users/nikhilregulapati/.m2/repository/org/hamcrest/hamcrest/2.2/hamcrest-2.2.jar:/Users/nikhilregulapati/.m2/repository/org/ccil/cowan/tagsoup/tagsoup/1.2.1/tagsoup-1.2.1.jar:/Users/nikhilregulapati/.m2/repository/io/rest-assured/json-path/5.3.2/json-path-5.3.2.jar:/Users/nikhilregulapati/.m2/repository/org/apache/groovy/groovy-json/4.0.17/groovy-json-4.0.17.jar:/Users/nikhilregulapati/.m2/repository/io/rest-assured/rest-assured-common/5.3.2/rest-assured-common-5.3.2.jar:/Users/nikhilregulapati/.m2/repository/io/rest-assured/xml-path/5.3.2/xml-path-5.3.2.jar:/Users/nikhilregulapati/.m2/repository/org/apache/commons/commons-lang3/3.13.0/commons-lang3-3.13.0.jar:/Users/nikhilregulapati/.m2/repository/org/springframework/boot/spring-boot-starter-webflux/3.2.2/spring-boot-starter-webflux-3.2.2.jar:/Users/nikhilregulapati/.m2/repository/org/springframework/boot/spring-boot-starter-reactor-netty/3.2.2/spring-boot-starter-reactor-netty-3.2.2.jar:/Users/nikhilregulapati/.m2/repository/io/projectreactor/netty/reactor-netty-http/1.1.15/reactor-netty-http-1.1.15.jar:/Users/nikhilregulapati/.m2/repository/io/netty/netty-codec-http/4.1.105.Final/netty-codec-http-4.1.105.Final.jar:/Users/nikhilregulapati/.m2/repository/io/netty/netty-common/4.1.105.Final/netty-common-4.1.105.Final.jar:/Users/nikhilregulapati/.m2/repository/io/netty/netty-buffer/4.1.105.Final/netty-buffer-4.1.105.Final.jar:/Users/nikhilregulapati/.m2/repository/io/netty/netty-transport/4.1.105.Final/netty-transport-4.1.105.Final.jar:/Users/nikhilregulapati/.m2/repository/io/netty/netty-codec/4.1.105.Final/netty-codec-4.1.105.Final.jar:/Users/nikhilregulapati/.m2/repository/io/netty/netty-handler/4.1.105.Final/netty-handler-4.1.105.Final.jar:/Users/nikhilregulapati/.m2/repository/io/netty/netty-codec-http2/4.1.105.Final/netty-codec-http2-4.1.105.Final.jar:/Users/nikhilregulapati/.m2/repository/io/netty/netty-resolver-dns/4.1.105.Final/netty-resolver-dns-4.1.105.Final.jar:/Users/nikhilregulapati/.m2/repository/io/netty/netty-resolver/4.1.105.Final/netty-resolver-4.1.105.Final.jar:/Users/nikhilregulapati/.m2/repository/io/netty/netty-codec-dns/4.1.105.Final/netty-codec-dns-4.1.105.Final.jar:/Users/nikhilregulapati/.m2/repository/io/netty/netty-resolver-dns-native-macos/4.1.105.Final/netty-resolver-dns-native-macos-4.1.105.Final-osx-x86_64.jar:/Users/nikhilregulapati/.m2/repository/io/netty/netty-resolver-dns-classes-macos/4.1.105.Final/netty-resolver-dns-classes-macos-4.1.105.Final.jar:/Users/nikhilregulapati/.m2/repository/io/netty/netty-transport-native-epoll/4.1.105.Final/netty-transport-native-epoll-4.1.105.Final-linux-x86_64.jar:/Users/nikhilregulapati/.m2/repository/io/netty/netty-transport-native-unix-common/4.1.105.Final/netty-transport-native-unix-common-4.1.105.Final.jar:/Users/nikhilregulapati/.m2/repository/io/netty/netty-transport-classes-epoll/4.1.105.Final/netty-transport-classes-epoll-4.1.105.Final.jar:/Users/nikhilregulapati/.m2/repository/io/projectreactor/netty/reactor-netty-core/1.1.15/reactor-netty-core-1.1.15.jar:/Users/nikhilregulapati/.m2/repository/io/netty/netty-handler-proxy/4.1.105.Final/netty-handler-proxy-4.1.105.Final.jar:/Users/nikhilregulapati/.m2/repository/io/netty/netty-codec-socks/4.1.105.Final/netty-codec-socks-4.1.105.Final.jar:/Users/nikhilregulapati/.m2/repository/org/springframework/spring-webflux/6.1.3/spring-webflux-6.1.3.jar:/Users/nikhilregulapati/.m2/repository/io/projectreactor/reactor-core/3.6.2/reactor-core-3.6.2.jar:/Users/nikhilregulapati/.m2/repository/org/reactivestreams/reactive-streams/1.0.4/reactive-streams-1.0.4.jar:/Users/nikhilregulapati/.m2/repository/org/springframework/boot/spring-boot-starter-actuator/3.2.2/spring-boot-starter-actuator-3.2.2.jar:/Users/nikhilregulapati/.m2/repository/org/springframework/boot/spring-boot-actuator-autoconfigure/3.2.2/spring-boot-actuator-autoconfigure-3.2.2.jar:/Users/nikhilregulapati/.m2/repository/org/springframework/boot/spring-boot-actuator/3.2.2/spring-boot-actuator-3.2.2.jar:/Users/nikhilregulapati/.m2/repository/io/micrometer/micrometer-observation/1.12.2/micrometer-observation-1.12.2.jar:/Users/nikhilregulapati/.m2/repository/io/micrometer/micrometer-commons/1.12.2/micrometer-commons-1.12.2.jar:/Users/nikhilregulapati/.m2/repository/io/micrometer/micrometer-jakarta9/1.12.2/micrometer-jakarta9-1.12.2.jar:/Users/nikhilregulapati/.m2/repository/io/micrometer/micrometer-core/1.12.2/micrometer-core-1.12.2.jar:/Users/nikhilregulapati/.m2/repository/org/hdrhistogram/HdrHistogram/2.1.12/HdrHistogram-2.1.12.jar:/Users/nikhilregulapati/.m2/repository/org/latencyutils/LatencyUtils/2.0.3/LatencyUtils-2.0.3.jar:/Users/nikhilregulapati/.m2/repository/com/mysql/mysql-connector-j/8.3.0/mysql-connector-j-8.3.0.jar:/Users/nikhilregulapati/.m2/repository/org/projectlombok/lombok/1.18.30/lombok-1.18.30.jar:/Users/nikhilregulapati/.m2/repository/jakarta/validation/jakarta.validation-api/3.0.2/jakarta.validation-api-3.0.2.jar:/Users/nikhilregulapati/.m2/repository/org/springframework/security/spring-security-crypto/6.2.1/spring-security-crypto-6.2.1.jar:/Users/nikhilregulapati/.m2/repository/org/springframework/security/spring-security-config/6.2.1/spring-security-config-6.2.1.jar:/Users/nikhilregulapati/.m2/repository/org/springframework/security/spring-security-core/6.2.1/spring-security-core-6.2.1.jar:/Users/nikhilregulapati/.m2/repository/org/springframework/spring-aop/6.1.3/spring-aop-6.1.3.jar:/Users/nikhilregulapati/.m2/repository/org/springframework/spring-beans/6.1.3/spring-beans-6.1.3.jar:/Users/nikhilregulapati/.m2/repository/org/springframework/spring-context/6.1.3/spring-context-6.1.3.jar:/Users/nikhilregulapati/.m2/repository/org/springframework/spring-core/6.1.3/spring-core-6.1.3.jar:/Users/nikhilregulapati/.m2/repository/org/springframework/spring-jcl/6.1.3/spring-jcl-6.1.3.jar:/Users/nikhilregulapati/.m2/repository/org/springframework/security/spring-security-web/6.2.1/spring-security-web-6.2.1.jar:/Users/nikhilregulapati/.m2/repository/org/springframework/spring-expression/6.1.3/spring-expression-6.1.3.jar:/Users/nikhilregulapati/.m2/repository/org/springframework/boot/spring-boot-starter-test/3.2.2/spring-boot-starter-test-3.2.2.jar:/Users/nikhilregulapati/.m2/repository/org/springframework/boot/spring-boot-test/3.2.2/spring-boot-test-3.2.2.jar:/Users/nikhilregulapati/.m2/repository/org/springframework/boot/spring-boot-test-autoconfigure/3.2.2/spring-boot-test-autoconfigure-3.2.2.jar:/Users/nikhilregulapati/.m2/repository/com/jayway/jsonpath/json-path/2.8.0/json-path-2.8.0.jar:/Users/nikhilregulapati/.m2/repository/jakarta/xml/bind/jakarta.xml.bind-api/4.0.1/jakarta.xml.bind-api-4.0.1.jar:/Users/nikhilregulapati/.m2/repository/jakarta/activation/jakarta.activation-api/2.1.2/jakarta.activation-api-2.1.2.jar:/Users/nikhilregulapati/.m2/repository/net/minidev/json-smart/2.5.0/json-smart-2.5.0.jar:/Users/nikhilregulapati/.m2/repository/net/minidev/accessors-smart/2.5.0/accessors-smart-2.5.0.jar:/Users/nikhilregulapati/.m2/repository/org/ow2/asm/asm/9.3/asm-9.3.jar:/Users/nikhilregulapati/.m2/repository/org/assertj/assertj-core/3.24.2/assertj-core-3.24.2.jar:/Users/nikhilregulapati/.m2/repository/org/awaitility/awaitility/4.2.0/awaitility-4.2.0.jar:/Users/nikhilregulapati/.m2/repository/org/mockito/mockito-core/5.7.0/mockito-core-5.7.0.jar:/Users/nikhilregulapati/.m2/repository/net/bytebuddy/byte-buddy-agent/1.14.11/byte-buddy-agent-1.14.11.jar:/Users/nikhilregulapati/.m2/repository/org/objenesis/objenesis/3.3/objenesis-3.3.jar:/Users/nikhilregulapati/.m2/repository/org/mockito/mockito-junit-jupiter/5.7.0/mockito-junit-jupiter-5.7.0.jar:/Users/nikhilregulapati/.m2/repository/org/skyscreamer/jsonassert/1.5.1/jsonassert-1.5.1.jar:/Users/nikhilregulapati/.m2/repository/com/vaadin/external/google/android-json/0.0.20131108.vaadin1/android-json-0.0.20131108.vaadin1.jar:/Users/nikhilregulapati/.m2/repository/org/springframework/spring-test/6.1.3/spring-test-6.1.3.jar:/Users/nikhilregulapati/.m2/repository/org/xmlunit/xmlunit-core/2.9.1/xmlunit-core-2.9.1.jar:/Users/nikhilregulapati/.m2/repository/org/junit/jupiter/junit-jupiter/5.10.1/junit-jupiter-5.10.1.jar:/Users/nikhilregulapati/.m2/repository/org/junit/jupiter/junit-jupiter-api/5.10.1/junit-jupiter-api-5.10.1.jar:/Users/nikhilregulapati/.m2/repository/org/opentest4j/opentest4j/1.3.0/opentest4j-1.3.0.jar:/Users/nikhilregulapati/.m2/repository/org/junit/platform/junit-platform-commons/1.10.1/junit-platform-commons-1.10.1.jar:/Users/nikhilregulapati/.m2/repository/org/apiguardian/apiguardian-api/1.1.2/apiguardian-api-1.1.2.jar:/Users/nikhilregulapati/.m2/repository/org/junit/jupiter/junit-jupiter-params/5.10.1/junit-jupiter-params-5.10.1.jar:/Users/nikhilregulapati/.m2/repository/org/junit/jupiter/junit-jupiter-engine/5.10.1/junit-jupiter-engine-5.10.1.jar:/Users/nikhilregulapati/.m2/repository/org/junit/platform/junit-platform-engine/1.10.1/junit-platform-engine-1.10.1.jar:"/>
    <property name="java.vm.vendor" value="Homebrew"/>
    <property name="sun.arch.data.model" value="64"/>
    <property name="catalina.useNaming" value="false"/>
    <property name="java.vendor.url" value="https://github.com/Homebrew/homebrew-core/issues"/>
    <property name="user.timezone" value="America/New_York"/>
    <property name="org.jboss.logging.provider" value="slf4j"/>
    <property name="os.name" value="Mac OS X"/>
    <property name="java.vm.specification.version" value="21"/>
    <property name="sun.java.launcher" value="SUN_STANDARD"/>
    <property name="user.country" value="US"/>
    <property name="sun.boot.library.path" value="/opt/homebrew/Cellar/openjdk/21.0.2/libexec/openjdk.jdk/Contents/Home/lib"/>
    <property name="sun.java.command" value="/Users/nikhilregulapati/Downloads/Nikhilsrinivas_regulapati_002201689_01-5/target/surefire/surefirebooter-20240214223057574_3.jar /Users/nikhilregulapati/Downloads/Nikhilsrinivas_regulapati_002201689_01-5/target/surefire 2024-02-14T22-30-57_529-jvmRun1 surefire-20240214223057574_1tmp surefire_0-20240214223057574_2tmp"/>
    <property name="http.nonProxyHosts" value="local|*.local|169.254/16|*.169.254/16"/>
    <property name="jdk.debug" value="release"/>
    <property name="surefire.test.class.path" value="/Users/nikhilregulapati/Downloads/Nikhilsrinivas_regulapati_002201689_01-5/target/test-classes:/Users/nikhilregulapati/Downloads/Nikhilsrinivas_regulapati_002201689_01-5/target/classes:/Users/nikhilregulapati/.m2/repository/org/springframework/boot/spring-boot-starter-data-jpa/3.2.2/spring-boot-starter-data-jpa-3.2.2.jar:/Users/nikhilregulapati/.m2/repository/org/springframework/boot/spring-boot-starter-aop/3.2.2/spring-boot-starter-aop-3.2.2.jar:/Users/nikhilregulapati/.m2/repository/org/aspectj/aspectjweaver/1.9.21/aspectjweaver-1.9.21.jar:/Users/nikhilregulapati/.m2/repository/org/springframework/boot/spring-boot-starter-jdbc/3.2.2/spring-boot-starter-jdbc-3.2.2.jar:/Users/nikhilregulapati/.m2/repository/com/zaxxer/HikariCP/5.0.1/HikariCP-5.0.1.jar:/Users/nikhilregulapati/.m2/repository/org/springframework/spring-jdbc/6.1.3/spring-jdbc-6.1.3.jar:/Users/nikhilregulapati/.m2/repository/org/hibernate/orm/hibernate-core/6.4.1.Final/hibernate-core-6.4.1.Final.jar:/Users/nikhilregulapati/.m2/repository/jakarta/persistence/jakarta.persistence-api/3.1.0/jakarta.persistence-api-3.1.0.jar:/Users/nikhilregulapati/.m2/repository/jakarta/transaction/jakarta.transaction-api/2.0.1/jakarta.transaction-api-2.0.1.jar:/Users/nikhilregulapati/.m2/repository/org/jboss/logging/jboss-logging/3.5.3.Final/jboss-logging-3.5.3.Final.jar:/Users/nikhilregulapati/.m2/repository/org/hibernate/common/hibernate-commons-annotations/6.0.6.Final/hibernate-commons-annotations-6.0.6.Final.jar:/Users/nikhilregulapati/.m2/repository/io/smallrye/jandex/3.1.2/jandex-3.1.2.jar:/Users/nikhilregulapati/.m2/repository/com/fasterxml/classmate/1.6.0/classmate-1.6.0.jar:/Users/nikhilregulapati/.m2/repository/net/bytebuddy/byte-buddy/1.14.11/byte-buddy-1.14.11.jar:/Users/nikhilregulapati/.m2/repository/org/glassfish/jaxb/jaxb-runtime/4.0.4/jaxb-runtime-4.0.4.jar:/Users/nikhilregulapati/.m2/repository/org/glassfish/jaxb/jaxb-core/4.0.4/jaxb-core-4.0.4.jar:/Users/nikhilregulapati/.m2/repository/org/eclipse/angus/angus-activation/2.0.1/angus-activation-2.0.1.jar:/Users/nikhilregulapati/.m2/repository/org/glassfish/jaxb/txw2/4.0.4/txw2-4.0.4.jar:/Users/nikhilregulapati/.m2/repository/com/sun/istack/istack-commons-runtime/4.1.2/istack-commons-runtime-4.1.2.jar:/Users/nikhilregulapati/.m2/repository/jakarta/inject/jakarta.inject-api/2.0.1/jakarta.inject-api-2.0.1.jar:/Users/nikhilregulapati/.m2/repository/org/antlr/antlr4-runtime/4.13.0/antlr4-runtime-4.13.0.jar:/Users/nikhilregulapati/.m2/repository/org/springframework/data/spring-data-jpa/3.2.2/spring-data-jpa-3.2.2.jar:/Users/nikhilregulapati/.m2/repository/org/springframework/data/spring-data-commons/3.2.2/spring-data-commons-3.2.2.jar:/Users/nikhilregulapati/.m2/repository/org/springframework/spring-orm/6.1.3/spring-orm-6.1.3.jar:/Users/nikhilregulapati/.m2/repository/org/springframework/spring-tx/6.1.3/spring-tx-6.1.3.jar:/Users/nikhilregulapati/.m2/repository/jakarta/annotation/jakarta.annotation-api/2.1.1/jakarta.annotation-api-2.1.1.jar:/Users/nikhilregulapati/.m2/repository/org/slf4j/slf4j-api/2.0.11/slf4j-api-2.0.11.jar:/Users/nikhilregulapati/.m2/repository/org/springframework/spring-aspects/6.1.3/spring-aspects-6.1.3.jar:/Users/nikhilregulapati/.m2/repository/org/springframework/boot/spring-boot-starter-web/3.2.2/spring-boot-starter-web-3.2.2.jar:/Users/nikhilregulapati/.m2/repository/org/springframework/boot/spring-boot-starter/3.2.2/spring-boot-starter-3.2.2.jar:/Users/nikhilregulapati/.m2/repository/org/springframework/boot/spring-boot/3.2.2/spring-boot-3.2.2.jar:/Users/nikhilregulapati/.m2/repository/org/springframework/boot/spring-boot-autoconfigure/3.2.2/spring-boot-autoconfigure-3.2.2.jar:/Users/nikhilregulapati/.m2/repository/org/springframework/boot/spring-boot-starter-logging/3.2.2/spring-boot-starter-logging-3.2.2.jar:/Users/nikhilregulapati/.m2/repository/ch/qos/logback/logback-classic/1.4.14/logback-classic-1.4.14.jar:/Users/nikhilregulapati/.m2/repository/ch/qos/logback/logback-core/1.4.14/logback-core-1.4.14.jar:/Users/nikhilregulapati/.m2/repository/org/apache/logging/log4j/log4j-to-slf4j/2.21.1/log4j-to-slf4j-2.21.1.jar:/Users/nikhilregulapati/.m2/repository/org/apache/logging/log4j/log4j-api/2.21.1/log4j-api-2.21.1.jar:/Users/nikhilregulapati/.m2/repository/org/slf4j/jul-to-slf4j/2.0.11/jul-to-slf4j-2.0.11.jar:/Users/nikhilregulapati/.m2/repository/org/yaml/snakeyaml/2.2/snakeyaml-2.2.jar:/Users/nikhilregulapati/.m2/repository/org/springframework/boot/spring-boot-starter-json/3.2.2/spring-boot-starter-json-3.2.2.jar:/Users/nikhilregulapati/.m2/repository/com/fasterxml/jackson/core/jackson-databind/2.15.3/jackson-databind-2.15.3.jar:/Users/nikhilregulapati/.m2/repository/com/fasterxml/jackson/core/jackson-annotations/2.15.3/jackson-annotations-2.15.3.jar:/Users/nikhilregulapati/.m2/repository/com/fasterxml/jackson/core/jackson-core/2.15.3/jackson-core-2.15.3.jar:/Users/nikhilregulapati/.m2/repository/com/fasterxml/jackson/datatype/jackson-datatype-jdk8/2.15.3/jackson-datatype-jdk8-2.15.3.jar:/Users/nikhilregulapati/.m2/repository/com/fasterxml/jackson/datatype/jackson-datatype-jsr310/2.15.3/jackson-datatype-jsr310-2.15.3.jar:/Users/nikhilregulapati/.m2/repository/com/fasterxml/jackson/module/jackson-module-parameter-names/2.15.3/jackson-module-parameter-names-2.15.3.jar:/Users/nikhilregulapati/.m2/repository/org/springframework/boot/spring-boot-starter-tomcat/3.2.2/spring-boot-starter-tomcat-3.2.2.jar:/Users/nikhilregulapati/.m2/repository/org/apache/tomcat/embed/tomcat-embed-core/10.1.18/tomcat-embed-core-10.1.18.jar:/Users/nikhilregulapati/.m2/repository/org/apache/tomcat/embed/tomcat-embed-el/10.1.18/tomcat-embed-el-10.1.18.jar:/Users/nikhilregulapati/.m2/repository/org/apache/tomcat/embed/tomcat-embed-websocket/10.1.18/tomcat-embed-websocket-10.1.18.jar:/Users/nikhilregulapati/.m2/repository/org/springframework/spring-web/6.1.3/spring-web-6.1.3.jar:/Users/nikhilregulapati/.m2/repository/org/springframework/spring-webmvc/6.1.3/spring-webmvc-6.1.3.jar:/Users/nikhilregulapati/.m2/repository/io/rest-assured/rest-assured/5.2.0/rest-assured-5.2.0.jar:/Users/nikhilregulapati/.m2/repository/org/apache/groovy/groovy/4.0.17/groovy-4.0.17.jar:/Users/nikhilregulapati/.m2/repository/org/apache/groovy/groovy-xml/4.0.17/groovy-xml-4.0.17.jar:/Users/nikhilregulapati/.m2/repository/org/apache/httpcomponents/httpclient/4.5.13/httpclient-4.5.13.jar:/Users/nikhilregulapati/.m2/repository/org/apache/httpcomponents/httpcore/4.4.16/httpcore-4.4.16.jar:/Users/nikhilregulapati/.m2/repository/commons-logging/commons-logging/1.2/commons-logging-1.2.jar:/Users/nikhilregulapati/.m2/repository/commons-codec/commons-codec/1.16.0/commons-codec-1.16.0.jar:/Users/nikhilregulapati/.m2/repository/org/apache/httpcomponents/httpmime/4.5.13/httpmime-4.5.13.jar:/Users/nikhilregulapati/.m2/repository/org/hamcrest/hamcrest/2.2/hamcrest-2.2.jar:/Users/nikhilregulapati/.m2/repository/org/ccil/cowan/tagsoup/tagsoup/1.2.1/tagsoup-1.2.1.jar:/Users/nikhilregulapati/.m2/repository/io/rest-assured/json-path/5.3.2/json-path-5.3.2.jar:/Users/nikhilregulapati/.m2/repository/org/apache/groovy/groovy-json/4.0.17/groovy-json-4.0.17.jar:/Users/nikhilregulapati/.m2/repository/io/rest-assured/rest-assured-common/5.3.2/rest-assured-common-5.3.2.jar:/Users/nikhilregulapati/.m2/repository/io/rest-assured/xml-path/5.3.2/xml-path-5.3.2.jar:/Users/nikhilregulapati/.m2/repository/org/apache/commons/commons-lang3/3.13.0/commons-lang3-3.13.0.jar:/Users/nikhilregulapati/.m2/repository/org/springframework/boot/spring-boot-starter-webflux/3.2.2/spring-boot-starter-webflux-3.2.2.jar:/Users/nikhilregulapati/.m2/repository/org/springframework/boot/spring-boot-starter-reactor-netty/3.2.2/spring-boot-starter-reactor-netty-3.2.2.jar:/Users/nikhilregulapati/.m2/repository/io/projectreactor/netty/reactor-netty-http/1.1.15/reactor-netty-http-1.1.15.jar:/Users/nikhilregulapati/.m2/repository/io/netty/netty-codec-http/4.1.105.Final/netty-codec-http-4.1.105.Final.jar:/Users/nikhilregulapati/.m2/repository/io/netty/netty-common/4.1.105.Final/netty-common-4.1.105.Final.jar:/Users/nikhilregulapati/.m2/repository/io/netty/netty-buffer/4.1.105.Final/netty-buffer-4.1.105.Final.jar:/Users/nikhilregulapati/.m2/repository/io/netty/netty-transport/4.1.105.Final/netty-transport-4.1.105.Final.jar:/Users/nikhilregulapati/.m2/repository/io/netty/netty-codec/4.1.105.Final/netty-codec-4.1.105.Final.jar:/Users/nikhilregulapati/.m2/repository/io/netty/netty-handler/4.1.105.Final/netty-handler-4.1.105.Final.jar:/Users/nikhilregulapati/.m2/repository/io/netty/netty-codec-http2/4.1.105.Final/netty-codec-http2-4.1.105.Final.jar:/Users/nikhilregulapati/.m2/repository/io/netty/netty-resolver-dns/4.1.105.Final/netty-resolver-dns-4.1.105.Final.jar:/Users/nikhilregulapati/.m2/repository/io/netty/netty-resolver/4.1.105.Final/netty-resolver-4.1.105.Final.jar:/Users/nikhilregulapati/.m2/repository/io/netty/netty-codec-dns/4.1.105.Final/netty-codec-dns-4.1.105.Final.jar:/Users/nikhilregulapati/.m2/repository/io/netty/netty-resolver-dns-native-macos/4.1.105.Final/netty-resolver-dns-native-macos-4.1.105.Final-osx-x86_64.jar:/Users/nikhilregulapati/.m2/repository/io/netty/netty-resolver-dns-classes-macos/4.1.105.Final/netty-resolver-dns-classes-macos-4.1.105.Final.jar:/Users/nikhilregulapati/.m2/repository/io/netty/netty-transport-native-epoll/4.1.105.Final/netty-transport-native-epoll-4.1.105.Final-linux-x86_64.jar:/Users/nikhilregulapati/.m2/repository/io/netty/netty-transport-native-unix-common/4.1.105.Final/netty-transport-native-unix-common-4.1.105.Final.jar:/Users/nikhilregulapati/.m2/repository/io/netty/netty-transport-classes-epoll/4.1.105.Final/netty-transport-classes-epoll-4.1.105.Final.jar:/Users/nikhilregulapati/.m2/repository/io/projectreactor/netty/reactor-netty-core/1.1.15/reactor-netty-core-1.1.15.jar:/Users/nikhilregulapati/.m2/repository/io/netty/netty-handler-proxy/4.1.105.Final/netty-handler-proxy-4.1.105.Final.jar:/Users/nikhilregulapati/.m2/repository/io/netty/netty-codec-socks/4.1.105.Final/netty-codec-socks-4.1.105.Final.jar:/Users/nikhilregulapati/.m2/repository/org/springframework/spring-webflux/6.1.3/spring-webflux-6.1.3.jar:/Users/nikhilregulapati/.m2/repository/io/projectreactor/reactor-core/3.6.2/reactor-core-3.6.2.jar:/Users/nikhilregulapati/.m2/repository/org/reactivestreams/reactive-streams/1.0.4/reactive-streams-1.0.4.jar:/Users/nikhilregulapati/.m2/repository/org/springframework/boot/spring-boot-starter-actuator/3.2.2/spring-boot-starter-actuator-3.2.2.jar:/Users/nikhilregulapati/.m2/repository/org/springframework/boot/spring-boot-actuator-autoconfigure/3.2.2/spring-boot-actuator-autoconfigure-3.2.2.jar:/Users/nikhilregulapati/.m2/repository/org/springframework/boot/spring-boot-actuator/3.2.2/spring-boot-actuator-3.2.2.jar:/Users/nikhilregulapati/.m2/repository/io/micrometer/micrometer-observation/1.12.2/micrometer-observation-1.12.2.jar:/Users/nikhilregulapati/.m2/repository/io/micrometer/micrometer-commons/1.12.2/micrometer-commons-1.12.2.jar:/Users/nikhilregulapati/.m2/repository/io/micrometer/micrometer-jakarta9/1.12.2/micrometer-jakarta9-1.12.2.jar:/Users/nikhilregulapati/.m2/repository/io/micrometer/micrometer-core/1.12.2/micrometer-core-1.12.2.jar:/Users/nikhilregulapati/.m2/repository/org/hdrhistogram/HdrHistogram/2.1.12/HdrHistogram-2.1.12.jar:/Users/nikhilregulapati/.m2/repository/org/latencyutils/LatencyUtils/2.0.3/LatencyUtils-2.0.3.jar:/Users/nikhilregulapati/.m2/repository/com/mysql/mysql-connector-j/8.3.0/mysql-connector-j-8.3.0.jar:/Users/nikhilregulapati/.m2/repository/org/projectlombok/lombok/1.18.30/lombok-1.18.30.jar:/Users/nikhilregulapati/.m2/repository/jakarta/validation/jakarta.validation-api/3.0.2/jakarta.validation-api-3.0.2.jar:/Users/nikhilregulapati/.m2/repository/org/springframework/security/spring-security-crypto/6.2.1/spring-security-crypto-6.2.1.jar:/Users/nikhilregulapati/.m2/repository/org/springframework/security/spring-security-config/6.2.1/spring-security-config-6.2.1.jar:/Users/nikhilregulapati/.m2/repository/org/springframework/security/spring-security-core/6.2.1/spring-security-core-6.2.1.jar:/Users/nikhilregulapati/.m2/repository/org/springframework/spring-aop/6.1.3/spring-aop-6.1.3.jar:/Users/nikhilregulapati/.m2/repository/org/springframework/spring-beans/6.1.3/spring-beans-6.1.3.jar:/Users/nikhilregulapati/.m2/repository/org/springframework/spring-context/6.1.3/spring-context-6.1.3.jar:/Users/nikhilregulapati/.m2/repository/org/springframework/spring-core/6.1.3/spring-core-6.1.3.jar:/Users/nikhilregulapati/.m2/repository/org/springframework/spring-jcl/6.1.3/spring-jcl-6.1.3.jar:/Users/nikhilregulapati/.m2/repository/org/springframework/security/spring-security-web/6.2.1/spring-security-web-6.2.1.jar:/Users/nikhilregulapati/.m2/repository/org/springframework/spring-expression/6.1.3/spring-expression-6.1.3.jar:/Users/nikhilregulapati/.m2/repository/org/springframework/boot/spring-boot-starter-test/3.2.2/spring-boot-starter-test-3.2.2.jar:/Users/nikhilregulapati/.m2/repository/org/springframework/boot/spring-boot-test/3.2.2/spring-boot-test-3.2.2.jar:/Users/nikhilregulapati/.m2/repository/org/springframework/boot/spring-boot-test-autoconfigure/3.2.2/spring-boot-test-autoconfigure-3.2.2.jar:/Users/nikhilregulapati/.m2/repository/com/jayway/jsonpath/json-path/2.8.0/json-path-2.8.0.jar:/Users/nikhilregulapati/.m2/repository/jakarta/xml/bind/jakarta.xml.bind-api/4.0.1/jakarta.xml.bind-api-4.0.1.jar:/Users/nikhilregulapati/.m2/repository/jakarta/activation/jakarta.activation-api/2.1.2/jakarta.activation-api-2.1.2.jar:/Users/nikhilregulapati/.m2/repository/net/minidev/json-smart/2.5.0/json-smart-2.5.0.jar:/Users/nikhilregulapati/.m2/repository/net/minidev/accessors-smart/2.5.0/accessors-smart-2.5.0.jar:/Users/nikhilregulapati/.m2/repository/org/ow2/asm/asm/9.3/asm-9.3.jar:/Users/nikhilregulapati/.m2/repository/org/assertj/assertj-core/3.24.2/assertj-core-3.24.2.jar:/Users/nikhilregulapati/.m2/repository/org/awaitility/awaitility/4.2.0/awaitility-4.2.0.jar:/Users/nikhilregulapati/.m2/repository/org/mockito/mockito-core/5.7.0/mockito-core-5.7.0.jar:/Users/nikhilregulapati/.m2/repository/net/bytebuddy/byte-buddy-agent/1.14.11/byte-buddy-agent-1.14.11.jar:/Users/nikhilregulapati/.m2/repository/org/objenesis/objenesis/3.3/objenesis-3.3.jar:/Users/nikhilregulapati/.m2/repository/org/mockito/mockito-junit-jupiter/5.7.0/mockito-junit-jupiter-5.7.0.jar:/Users/nikhilregulapati/.m2/repository/org/skyscreamer/jsonassert/1.5.1/jsonassert-1.5.1.jar:/Users/nikhilregulapati/.m2/repository/com/vaadin/external/google/android-json/0.0.20131108.vaadin1/android-json-0.0.20131108.vaadin1.jar:/Users/nikhilregulapati/.m2/repository/org/springframework/spring-test/6.1.3/spring-test-6.1.3.jar:/Users/nikhilregulapati/.m2/repository/org/xmlunit/xmlunit-core/2.9.1/xmlunit-core-2.9.1.jar:/Users/nikhilregulapati/.m2/repository/org/junit/jupiter/junit-jupiter/5.10.1/junit-jupiter-5.10.1.jar:/Users/nikhilregulapati/.m2/repository/org/junit/jupiter/junit-jupiter-api/5.10.1/junit-jupiter-api-5.10.1.jar:/Users/nikhilregulapati/.m2/repository/org/opentest4j/opentest4j/1.3.0/opentest4j-1.3.0.jar:/Users/nikhilregulapati/.m2/repository/org/junit/platform/junit-platform-commons/1.10.1/junit-platform-commons-1.10.1.jar:/Users/nikhilregulapati/.m2/repository/org/apiguardian/apiguardian-api/1.1.2/apiguardian-api-1.1.2.jar:/Users/nikhilregulapati/.m2/repository/org/junit/jupiter/junit-jupiter-params/5.10.1/junit-jupiter-params-5.10.1.jar:/Users/nikhilregulapati/.m2/repository/org/junit/jupiter/junit-jupiter-engine/5.10.1/junit-jupiter-engine-5.10.1.jar:/Users/nikhilregulapati/.m2/repository/org/junit/platform/junit-platform-engine/1.10.1/junit-platform-engine-1.10.1.jar:"/>
    <property name="sun.cpu.endian" value="little"/>
    <property name="user.home" value="/Users/nikhilregulapati"/>
    <property name="user.language" value="en"/>
    <property name="java.specification.vendor" value="Oracle Corporation"/>
    <property name="java.version.date" value="2024-01-16"/>
    <property name="java.home" value="/opt/homebrew/Cellar/openjdk/21.0.2/libexec/openjdk.jdk/Contents/Home"/>
    <property name="file.separator" value="/"/>
    <property name="basedir" value="/Users/nikhilregulapati/Downloads/Nikhilsrinivas_regulapati_002201689_01-5"/>
    <property name="java.vm.compressedOopsMode" value="Zero based"/>
    <property name="line.separator" value="&#10;"/>
    <property name="java.vm.specification.vendor" value="Oracle Corporation"/>
    <property name="java.specification.name" value="Java Platform API Specification"/>
    <property name="FILE_LOG_CHARSET" value="UTF-8"/>
    <property name="java.awt.headless" value="true"/>
    <property name="apple.awt.application.name" value="ForkedBooter"/>
    <property name="surefire.real.class.path" value="/Users/nikhilregulapati/Downloads/Nikhilsrinivas_regulapati_002201689_01-5/target/surefire/surefirebooter-20240214223057574_3.jar"/>
    <property name="sun.management.compiler" value="HotSpot 64-Bit Tiered Compilers"/>
    <property name="ftp.nonProxyHosts" value="local|*.local|169.254/16|*.169.254/16"/>
    <property name="java.runtime.version" value="21.0.2"/>
    <property name="user.name" value="nikhilregulapati"/>
    <property name="stdout.encoding" value="UTF-8"/>
    <property name="path.separator" value=":"/>
    <property name="os.version" value="14.3.1"/>
    <property name="java.runtime.name" value="OpenJDK Runtime Environment"/>
    <property name="file.encoding" value="UTF-8"/>
    <property name="java.vm.name" value="OpenJDK 64-Bit Server VM"/>
    <property name="java.vendor.version" value="Homebrew"/>
    <property name="localRepository" value="/Users/nikhilregulapati/.m2/repository"/>
    <property name="java.vendor.url.bug" value="https://github.com/Homebrew/homebrew-core/issues"/>
    <property name="java.io.tmpdir" value="/var/folders/88/0zlqpm3949v412x7frdjl36m0000gn/T/"/>
    <property name="catalina.home" value="/private/var/folders/88/0zlqpm3949v412x7frdjl36m0000gn/T/tomcat.0.6827216922342087197"/>
    <property name="com.zaxxer.hikari.pool_number" value="1"/>
    <property name="java.version" value="21.0.2"/>
    <property name="user.dir" value="/Users/nikhilregulapati/Downloads/Nikhilsrinivas_regulapati_002201689_01-5"/>
    <property name="os.arch" value="aarch64"/>
    <property name="java.vm.specification.name" value="Java Virtual Machine Specification"/>
    <property name="PID" value="26711"/>
    <property name="CONSOLE_LOG_CHARSET" value="UTF-8"/>
    <property name="catalina.base" value="/private/var/folders/88/0zlqpm3949v412x7frdjl36m0000gn/T/tomcat.0.6827216922342087197"/>
    <property name="native.encoding" value="UTF-8"/>
    <property name="java.library.path" value="/Users/nikhilregulapati/Library/Java/Extensions:/Library/Java/Extensions:/Network/Library/Java/Extensions:/System/Library/Java/Extensions:/usr/lib/java:."/>
    <property name="java.vm.info" value="mixed mode, sharing"/>
    <property name="stderr.encoding" value="UTF-8"/>
    <property name="java.vendor" value="Homebrew"/>
    <property name="java.vm.version" value="21.0.2"/>
    <property name="sun.io.unicode.encoding" value="UnicodeBig"/>
    <property name="socksNonProxyHosts" value="local|*.local|169.254/16|*.169.254/16"/>
    <property name="java.class.version" value="65.0"/>
  </properties>
  <testcase name="createUserAndRetrieveByUsername" classname="com.csye6225.cloud.controller.DemoTest" time="1.511">
    <system-out><![CDATA[Standard Commons Logging discovery in action with spring-jcl: please remove commons-logging.jar from classpath in order to avoid potential conflicts
22:30:57.999 [main] INFO org.springframework.test.context.support.AnnotationConfigContextLoaderUtils -- Could not detect default configuration classes for test class [com.csye6225.cloud.controller.DemoTest]: DemoTest does not declare any static, non-private, non-final, nested classes annotated with @Configuration.
22:30:58.063 [main] INFO org.springframework.boot.test.context.SpringBootTestContextBootstrapper -- Found @SpringBootConfiguration com.csye6225.cloud.CloudNativeApplication for test class com.csye6225.cloud.controller.DemoTest

  .   ____          _            __ _ _
 /\\ / ___'_ __ _ _(_)_ __  __ _ \ \ \ \
( ( )\___ | '_ | '_| | '_ \/ _` | \ \ \ \
 \\/  ___)| |_)| | | | | || (_| |  ) ) ) )
  '  |____| .__|_| |_|_| |_\__, | / / / /
 =========|_|==============|___/=/_/_/_/
 :: Spring Boot ::                (v3.2.2)

2024-02-14T22:30:58.253-05:00  INFO 26711 --- [           main] com.csye6225.cloud.controller.DemoTest   : Starting DemoTest using Java 21.0.2 with PID 26711 (started by nikhilregulapati in /Users/nikhilregulapati/Downloads/Nikhilsrinivas_regulapati_002201689_01-5)
2024-02-14T22:30:58.253-05:00  INFO 26711 --- [           main] com.csye6225.cloud.controller.DemoTest   : No active profile set, falling back to 1 default profile: "default"
2024-02-14T22:30:58.808-05:00  INFO 26711 --- [           main] .s.d.r.c.RepositoryConfigurationDelegate : Bootstrapping Spring Data JPA repositories in DEFAULT mode.
2024-02-14T22:30:58.887-05:00  INFO 26711 --- [           main] .s.d.r.c.RepositoryConfigurationDelegate : Finished Spring Data repository scanning in 76 ms. Found 1 JPA repository interface.
2024-02-14T22:30:59.312-05:00  INFO 26711 --- [           main] o.s.b.w.embedded.tomcat.TomcatWebServer  : Tomcat initialized with port 0 (http)
2024-02-14T22:30:59.318-05:00  INFO 26711 --- [           main] o.apache.catalina.core.StandardService   : Starting service [Tomcat]
2024-02-14T22:30:59.319-05:00  INFO 26711 --- [           main] o.apache.catalina.core.StandardEngine    : Starting Servlet engine: [Apache Tomcat/10.1.18]
2024-02-14T22:30:59.343-05:00  INFO 26711 --- [           main] o.a.c.c.C.[Tomcat].[localhost].[/]       : Initializing Spring embedded WebApplicationContext
2024-02-14T22:30:59.343-05:00  INFO 26711 --- [           main] w.s.c.ServletWebServerApplicationContext : Root WebApplicationContext: initialization completed in 979 ms
Standard Commons Logging discovery in action with spring-jcl: please remove commons-logging.jar from classpath in order to avoid potential conflicts
2024-02-14T22:30:59.524-05:00  INFO 26711 --- [           main] o.hibernate.jpa.internal.util.LogHelper  : HHH000204: Processing PersistenceUnitInfo [name: default]
2024-02-14T22:30:59.551-05:00  INFO 26711 --- [           main] org.hibernate.Version                    : HHH000412: Hibernate ORM core version 6.4.1.Final
2024-02-14T22:30:59.566-05:00  INFO 26711 --- [           main] o.h.c.internal.RegionFactoryInitiator    : HHH000026: Second-level cache disabled
2024-02-14T22:30:59.673-05:00  INFO 26711 --- [           main] o.s.o.j.p.SpringPersistenceUnitInfo      : No LoadTimeWeaver setup: ignoring JPA class transformer
2024-02-14T22:30:59.686-05:00  INFO 26711 --- [           main] com.zaxxer.hikari.HikariDataSource       : HikariPool-1 - Starting...
2024-02-14T22:30:59.977-05:00  INFO 26711 --- [           main] com.zaxxer.hikari.pool.HikariPool        : HikariPool-1 - Added connection com.mysql.cj.jdbc.ConnectionImpl@61aa6300
2024-02-14T22:30:59.978-05:00  INFO 26711 --- [           main] com.zaxxer.hikari.HikariDataSource       : HikariPool-1 - Start completed.
2024-02-14T22:31:00.447-05:00  INFO 26711 --- [           main] o.h.e.t.j.p.i.JtaPlatformInitiator       : HHH000489: No JTA platform available (set 'hibernate.transaction.jta.platform' to enable JTA platform integration)
2024-02-14T22:31:00.573-05:00  INFO 26711 --- [           main] j.LocalContainerEntityManagerFactoryBean : Initialized JPA EntityManagerFactory for persistence unit 'default'
2024-02-14T22:31:00.797-05:00  WARN 26711 --- [           main] JpaBaseConfiguration$JpaWebConfiguration : spring.jpa.open-in-view is enabled by default. Therefore, database queries may be performed during view rendering. Explicitly configure spring.jpa.open-in-view to disable this warning
2024-02-14T22:31:01.024-05:00  INFO 26711 --- [           main] o.s.b.a.e.web.EndpointLinksResolver      : Exposing 1 endpoint(s) beneath base path '/actuator'
2024-02-14T22:31:01.061-05:00  INFO 26711 --- [           main] o.s.s.web.DefaultSecurityFilterChain     : Will secure any request with [org.springframework.security.web.session.DisableEncodeUrlFilter@4ec1192f, org.springframework.security.web.context.request.async.WebAsyncManagerIntegrationFilter@b926efa, org.springframework.security.web.context.SecurityContextHolderFilter@640c2749, org.springframework.security.web.header.HeaderWriterFilter@6affbed1, org.springframework.web.filter.CorsFilter@3653bb61, org.springframework.security.web.authentication.logout.LogoutFilter@502a9b30, org.springframework.security.web.authentication.www.BasicAuthenticationFilter@1703e50d, org.springframework.security.web.savedrequest.RequestCacheAwareFilter@5bb00dcc, org.springframework.security.web.servletapi.SecurityContextHolderAwareRequestFilter@59acb725, org.springframework.security.web.authentication.AnonymousAuthenticationFilter@65595be7, org.springframework.security.web.access.ExceptionTranslationFilter@16fa28eb, org.springframework.security.web.access.intercept.AuthorizationFilter@2976d625]
2024-02-14T22:31:01.315-05:00  INFO 26711 --- [           main] o.s.b.w.embedded.tomcat.TomcatWebServer  : Tomcat started on port 62059 (http) with context path ''
2024-02-14T22:31:01.328-05:00  INFO 26711 --- [           main] com.csye6225.cloud.controller.DemoTest   : Started DemoTest in 3.197 seconds (process running for 3.711)
2024-02-14T22:31:02.194-05:00  INFO 26711 --- [o-auto-1-exec-1] o.a.c.c.C.[Tomcat].[localhost].[/]       : Initializing Spring DispatcherServlet 'dispatcherServlet'
2024-02-14T22:31:02.194-05:00  INFO 26711 --- [o-auto-1-exec-1] o.s.web.servlet.DispatcherServlet        : Initializing Servlet 'dispatcherServlet'
2024-02-14T22:31:02.195-05:00  INFO 26711 --- [o-auto-1-exec-1] o.s.web.servlet.DispatcherServlet        : Completed initialization in 1 ms
]]></system-out>
    <system-err><![CDATA[WARNING: A Java agent has been loaded dynamically (/Users/nikhilregulapati/.m2/repository/net/bytebuddy/byte-buddy-agent/1.14.11/byte-buddy-agent-1.14.11.jar)
WARNING: If a serviceability tool is in use, please run with -XX:+EnableDynamicAgentLoading to hide this warning
WARNING: If a serviceability tool is not in use, please run with -Djdk.instrument.traceUsage for more information
WARNING: Dynamic loading of agents will be disallowed by default in a future release
]]></system-err>
  </testcase>
</testsuite>